{"/opt/lampp/htdocs/codelabs/kode/JS/learn_circleci/src/calc.js": {"path":"/opt/lampp/htdocs/codelabs/kode/JS/learn_circleci/src/calc.js","all":false,"statementMap":{"0":{"start":{"line":1,"column":0},"end":{"line":1,"column":22}},"1":{"start":{"line":2,"column":0},"end":{"line":2,"column":40}},"2":{"start":{"line":3,"column":0},"end":{"line":3,"column":84}},"3":{"start":{"line":4,"column":0},"end":{"line":4,"column":70}},"4":{"start":{"line":5,"column":0},"end":{"line":5,"column":2}},"5":{"start":{"line":6,"column":0},"end":{"line":6,"column":0}},"6":{"start":{"line":7,"column":0},"end":{"line":7,"column":22}},"7":{"start":{"line":8,"column":0},"end":{"line":8,"column":40}},"8":{"start":{"line":9,"column":0},"end":{"line":9,"column":84}},"9":{"start":{"line":10,"column":0},"end":{"line":10,"column":70}},"10":{"start":{"line":11,"column":0},"end":{"line":11,"column":2}},"11":{"start":{"line":12,"column":0},"end":{"line":12,"column":0}},"12":{"start":{"line":13,"column":0},"end":{"line":13,"column":22}},"13":{"start":{"line":14,"column":0},"end":{"line":14,"column":40}},"14":{"start":{"line":15,"column":0},"end":{"line":15,"column":84}},"15":{"start":{"line":16,"column":0},"end":{"line":16,"column":70}},"16":{"start":{"line":17,"column":0},"end":{"line":17,"column":2}},"17":{"start":{"line":18,"column":0},"end":{"line":18,"column":0}},"18":{"start":{"line":19,"column":0},"end":{"line":19,"column":22}},"19":{"start":{"line":20,"column":0},"end":{"line":20,"column":40}},"20":{"start":{"line":21,"column":0},"end":{"line":21,"column":84}},"21":{"start":{"line":22,"column":0},"end":{"line":22,"column":70}},"22":{"start":{"line":23,"column":0},"end":{"line":23,"column":2}},"23":{"start":{"line":24,"column":0},"end":{"line":24,"column":0}},"24":{"start":{"line":25,"column":0},"end":{"line":25,"column":15}},"25":{"start":{"line":26,"column":0},"end":{"line":26,"column":20}},"26":{"start":{"line":27,"column":0},"end":{"line":27,"column":2}}},"s":{"0":1,"1":4,"2":4,"3":2,"4":2,"5":1,"6":1,"7":4,"8":4,"9":2,"10":2,"11":1,"12":1,"13":4,"14":4,"15":2,"16":2,"17":1,"18":1,"19":4,"20":4,"21":2,"22":2,"23":1,"24":1,"25":1,"26":1},"branchMap":{"0":{"type":"branch","line":1,"loc":{"start":{"line":1,"column":12},"end":{"line":5,"column":2}},"locations":[{"start":{"line":1,"column":12},"end":{"line":5,"column":2}}]},"1":{"type":"branch","line":2,"loc":{"start":{"line":2,"column":27},"end":{"line":2,"column":40}},"locations":[{"start":{"line":2,"column":27},"end":{"line":2,"column":40}}]},"2":{"type":"branch","line":2,"loc":{"start":{"line":2,"column":39},"end":{"line":3,"column":29}},"locations":[{"start":{"line":2,"column":39},"end":{"line":3,"column":29}}]},"3":{"type":"branch","line":3,"loc":{"start":{"line":3,"column":25},"end":{"line":3,"column":48}},"locations":[{"start":{"line":3,"column":25},"end":{"line":3,"column":48}}]},"4":{"type":"branch","line":3,"loc":{"start":{"line":3,"column":51},"end":{"line":3,"column":84}},"locations":[{"start":{"line":3,"column":51},"end":{"line":3,"column":84}}]},"5":{"type":"branch","line":3,"loc":{"start":{"line":3,"column":83},"end":{"line":5,"column":2}},"locations":[{"start":{"line":3,"column":83},"end":{"line":5,"column":2}}]},"6":{"type":"branch","line":7,"loc":{"start":{"line":7,"column":12},"end":{"line":11,"column":2}},"locations":[{"start":{"line":7,"column":12},"end":{"line":11,"column":2}}]},"7":{"type":"branch","line":8,"loc":{"start":{"line":8,"column":27},"end":{"line":8,"column":40}},"locations":[{"start":{"line":8,"column":27},"end":{"line":8,"column":40}}]},"8":{"type":"branch","line":8,"loc":{"start":{"line":8,"column":39},"end":{"line":9,"column":48}},"locations":[{"start":{"line":8,"column":39},"end":{"line":9,"column":48}}]},"9":{"type":"branch","line":9,"loc":{"start":{"line":9,"column":51},"end":{"line":9,"column":84}},"locations":[{"start":{"line":9,"column":51},"end":{"line":9,"column":84}}]},"10":{"type":"branch","line":9,"loc":{"start":{"line":9,"column":83},"end":{"line":11,"column":2}},"locations":[{"start":{"line":9,"column":83},"end":{"line":11,"column":2}}]},"11":{"type":"branch","line":13,"loc":{"start":{"line":13,"column":12},"end":{"line":17,"column":2}},"locations":[{"start":{"line":13,"column":12},"end":{"line":17,"column":2}}]},"12":{"type":"branch","line":14,"loc":{"start":{"line":14,"column":27},"end":{"line":14,"column":40}},"locations":[{"start":{"line":14,"column":27},"end":{"line":14,"column":40}}]},"13":{"type":"branch","line":14,"loc":{"start":{"line":14,"column":39},"end":{"line":15,"column":48}},"locations":[{"start":{"line":14,"column":39},"end":{"line":15,"column":48}}]},"14":{"type":"branch","line":15,"loc":{"start":{"line":15,"column":51},"end":{"line":15,"column":84}},"locations":[{"start":{"line":15,"column":51},"end":{"line":15,"column":84}}]},"15":{"type":"branch","line":15,"loc":{"start":{"line":15,"column":83},"end":{"line":17,"column":2}},"locations":[{"start":{"line":15,"column":83},"end":{"line":17,"column":2}}]},"16":{"type":"branch","line":19,"loc":{"start":{"line":19,"column":12},"end":{"line":23,"column":2}},"locations":[{"start":{"line":19,"column":12},"end":{"line":23,"column":2}}]},"17":{"type":"branch","line":20,"loc":{"start":{"line":20,"column":27},"end":{"line":20,"column":40}},"locations":[{"start":{"line":20,"column":27},"end":{"line":20,"column":40}}]},"18":{"type":"branch","line":20,"loc":{"start":{"line":20,"column":39},"end":{"line":21,"column":48}},"locations":[{"start":{"line":20,"column":39},"end":{"line":21,"column":48}}]},"19":{"type":"branch","line":21,"loc":{"start":{"line":21,"column":51},"end":{"line":21,"column":84}},"locations":[{"start":{"line":21,"column":51},"end":{"line":21,"column":84}}]},"20":{"type":"branch","line":21,"loc":{"start":{"line":21,"column":83},"end":{"line":23,"column":2}},"locations":[{"start":{"line":21,"column":83},"end":{"line":23,"column":2}}]}},"b":{"0":[4],"1":[1],"2":[3],"3":[2],"4":[1],"5":[2],"6":[4],"7":[1],"8":[3],"9":[1],"10":[2],"11":[4],"12":[1],"13":[3],"14":[1],"15":[2],"16":[4],"17":[1],"18":[3],"19":[1],"20":[2]},"fnMap":{"0":{"name":"add","decl":{"start":{"line":1,"column":12},"end":{"line":5,"column":2}},"loc":{"start":{"line":1,"column":12},"end":{"line":5,"column":2}},"line":1},"1":{"name":"sub","decl":{"start":{"line":7,"column":12},"end":{"line":11,"column":2}},"loc":{"start":{"line":7,"column":12},"end":{"line":11,"column":2}},"line":7},"2":{"name":"mul","decl":{"start":{"line":13,"column":12},"end":{"line":17,"column":2}},"loc":{"start":{"line":13,"column":12},"end":{"line":17,"column":2}},"line":13},"3":{"name":"div","decl":{"start":{"line":19,"column":12},"end":{"line":23,"column":2}},"loc":{"start":{"line":19,"column":12},"end":{"line":23,"column":2}},"line":19}},"f":{"0":4,"1":4,"2":4,"3":4}}
}
