TN:
SF:src/calc.js
FN:1,add
FN:7,sub
FN:13,mul
FN:19,div
FNF:4
FNH:4
FNDA:4,add
FNDA:4,sub
FNDA:4,mul
FNDA:4,div
DA:1,1
DA:2,4
DA:3,4
DA:4,2
DA:5,2
DA:6,1
DA:7,1
DA:8,4
DA:9,4
DA:10,2
DA:11,2
DA:12,1
DA:13,1
DA:14,4
DA:15,4
DA:16,2
DA:17,2
DA:18,1
DA:19,1
DA:20,4
DA:21,4
DA:22,2
DA:23,2
DA:24,1
DA:25,1
DA:26,1
DA:27,1
LF:27
LH:27
BRDA:1,0,0,4
BRDA:2,1,0,1
BRDA:2,2,0,3
BRDA:3,3,0,2
BRDA:3,4,0,1
BRDA:3,5,0,2
BRDA:7,6,0,4
BRDA:8,7,0,1
BRDA:8,8,0,3
BRDA:9,9,0,1
BRDA:9,10,0,2
BRDA:13,11,0,4
BRDA:14,12,0,1
BRDA:14,13,0,3
BRDA:15,14,0,1
BRDA:15,15,0,2
BRDA:19,16,0,4
BRDA:20,17,0,1
BRDA:20,18,0,3
BRDA:21,19,0,1
BRDA:21,20,0,2
BRF:21
BRH:21
end_of_record
